<?xml version="1.0" encoding="UTF-8"?>
<!-- Generated by org.testng.reporters.JUnitXMLReporter -->
<testsuite hostname="macpk-wks-0135" ignored="0" name="EMS" tests="60" failures="0" timestamp="2020-03-06T13:48:19 PKT" time="28.73" errors="0">
  <testcase name="@BeforeTest Startup" time="27.968" classname="Master.EMS_Execution">
    <failure type="org.openqa.selenium.WebDriverException" message="chrome not reachable
  (Session info: chrome=80.0.3987.122)
Build info: version: &amp;apos;3.14.0&amp;apos;, revision: &amp;apos;aacccce0&amp;apos;, time: &amp;apos;2018-08-02T20:19:58.91Z&amp;apos;
System info: host: &amp;apos;MACPK-WKS-0135&amp;apos;, ip: &amp;apos;172.25.179.83&amp;apos;, os.name: &amp;apos;Windows 10&amp;apos;, os.arch: &amp;apos;amd64&amp;apos;, os.version: &amp;apos;10.0&amp;apos;, java.version: &amp;apos;1.8.0_131&amp;apos;
Driver info: org.openqa.selenium.chrome.ChromeDriver
Capabilities {acceptInsecureCerts: false, browserName: chrome, browserVersion: 80.0.3987.122, chrome: {chromedriverVersion: 80.0.3987.106 (f68069574609..., userDataDir: C:\Users\BAKHTA~1.NAZ\AppDa...}, goog:chromeOptions: {debuggerAddress: localhost:1041}, javascriptEnabled: true, networkConnectionEnabled: false, pageLoadStrategy: normal, platform: WINDOWS, platformName: WINDOWS, proxy: Proxy(), setWindowRect: true, strictFileInteractability: false, timeouts: {implicit: 0, pageLoad: 300000, script: 30000}, unhandledPromptBehavior: dismiss and notify}
Session ID: 089d5eaa5a1f288e0603000f120a4018">
      <![CDATA[org.openqa.selenium.WebDriverException: chrome not reachable
  (Session info: chrome=80.0.3987.122)
Build info: version: '3.14.0', revision: 'aacccce0', time: '2018-08-02T20:19:58.91Z'
System info: host: 'MACPK-WKS-0135', ip: '172.25.179.83', os.name: 'Windows 10', os.arch: 'amd64', os.version: '10.0', java.version: '1.8.0_131'
Driver info: org.openqa.selenium.chrome.ChromeDriver
Capabilities {acceptInsecureCerts: false, browserName: chrome, browserVersion: 80.0.3987.122, chrome: {chromedriverVersion: 80.0.3987.106 (f68069574609..., userDataDir: C:\Users\BAKHTA~1.NAZ\AppDa...}, goog:chromeOptions: {debuggerAddress: localhost:1041}, javascriptEnabled: true, networkConnectionEnabled: false, pageLoadStrategy: normal, platform: WINDOWS, platformName: WINDOWS, proxy: Proxy(), setWindowRect: true, strictFileInteractability: false, timeouts: {implicit: 0, pageLoad: 300000, script: 30000}, unhandledPromptBehavior: dismiss and notify}
Session ID: 089d5eaa5a1f288e0603000f120a4018
at org.openqa.selenium.remote.http.W3CHttpResponseCodec.createException(W3CHttpResponseCodec.java:187)
at org.openqa.selenium.remote.http.W3CHttpResponseCodec.decode(W3CHttpResponseCodec.java:122)
at org.openqa.selenium.remote.http.W3CHttpResponseCodec.decode(W3CHttpResponseCodec.java:49)
at org.openqa.selenium.remote.HttpCommandExecutor.execute(HttpCommandExecutor.java:158)
at org.openqa.selenium.remote.service.DriverCommandExecutor.execute(DriverCommandExecutor.java:83)
at org.openqa.selenium.remote.RemoteWebDriver.execute(RemoteWebDriver.java:548)
at org.openqa.selenium.remote.RemoteWebDriver.execute(RemoteWebDriver.java:605)
at org.openqa.selenium.remote.RemoteWebDriver$RemoteWebDriverOptions$RemoteWindow.maximize(RemoteWebDriver.java:833)
at EMSTestCases.BrowserInitiation.StartBrowser(BrowserInitiation.java:39)
at Master.EMS_Execution.Startup(EMS_Execution.java:57)
... Removed 28 stack frames]]>
    </failure>
  </testcase> <!-- @BeforeTest Startup -->
  <testcase name="@AfterMethod getResult" time="-1.583484498456E9" classname="Master.EMS_Execution">
    <skipped/>
  </testcase> <!-- @AfterMethod getResult -->
  <testcase name="@AfterMethod getResult" time="-1.583484498463E9" classname="Master.EMS_Execution">
    <skipped/>
  </testcase> <!-- @AfterMethod getResult -->
  <testcase name="@AfterMethod getResult" time="-1.583484498467E9" classname="Master.EMS_Execution">
    <skipped/>
  </testcase> <!-- @AfterMethod getResult -->
  <testcase name="@AfterMethod getResult" time="-1.583484498471E9" classname="Master.EMS_Execution">
    <skipped/>
  </testcase> <!-- @AfterMethod getResult -->
  <testcase name="@AfterMethod getResult" time="-1.583484498476E9" classname="Master.EMS_Execution">
    <skipped/>
  </testcase> <!-- @AfterMethod getResult -->
  <testcase name="@AfterMethod getResult" time="-1.583484498508E9" classname="Master.EMS_Execution">
    <skipped/>
  </testcase> <!-- @AfterMethod getResult -->
  <testcase name="@AfterMethod getResult" time="-1.583484498518E9" classname="Master.EMS_Execution">
    <skipped/>
  </testcase> <!-- @AfterMethod getResult -->
  <testcase name="@AfterMethod getResult" time="-1.583484498533E9" classname="Master.EMS_Execution">
    <skipped/>
  </testcase> <!-- @AfterMethod getResult -->
  <testcase name="@AfterMethod getResult" time="-1.583484498541E9" classname="Master.EMS_Execution">
    <skipped/>
  </testcase> <!-- @AfterMethod getResult -->
  <testcase name="@AfterMethod getResult" time="-1.583484498547E9" classname="Master.EMS_Execution">
    <skipped/>
  </testcase> <!-- @AfterMethod getResult -->
  <testcase name="@AfterMethod getResult" time="-1.583484498556E9" classname="Master.EMS_Execution">
    <skipped/>
  </testcase> <!-- @AfterMethod getResult -->
  <testcase name="@AfterMethod getResult" time="-1.583484498562E9" classname="Master.EMS_Execution">
    <skipped/>
  </testcase> <!-- @AfterMethod getResult -->
  <testcase name="@AfterMethod getResult" time="-1.583484498568E9" classname="Master.EMS_Execution">
    <skipped/>
  </testcase> <!-- @AfterMethod getResult -->
  <testcase name="@AfterMethod getResult" time="-1.583484498579E9" classname="Master.EMS_Execution">
    <skipped/>
  </testcase> <!-- @AfterMethod getResult -->
  <testcase name="@AfterMethod getResult" time="-1.583484498594E9" classname="Master.EMS_Execution">
    <skipped/>
  </testcase> <!-- @AfterMethod getResult -->
  <testcase name="@AfterMethod getResult" time="-1.583484498605E9" classname="Master.EMS_Execution">
    <skipped/>
  </testcase> <!-- @AfterMethod getResult -->
  <testcase name="@AfterMethod getResult" time="-1.583484498616E9" classname="Master.EMS_Execution">
    <skipped/>
  </testcase> <!-- @AfterMethod getResult -->
  <testcase name="@AfterMethod getResult" time="-1.583484498624E9" classname="Master.EMS_Execution">
    <skipped/>
  </testcase> <!-- @AfterMethod getResult -->
  <testcase name="@AfterMethod getResult" time="-1.583484498628E9" classname="Master.EMS_Execution">
    <skipped/>
  </testcase> <!-- @AfterMethod getResult -->
  <testcase name="@AfterMethod getResult" time="-1.583484498643E9" classname="Master.EMS_Execution">
    <skipped/>
  </testcase> <!-- @AfterMethod getResult -->
  <testcase name="@AfterMethod getResult" time="-1.583484498663E9" classname="Master.EMS_Execution">
    <skipped/>
  </testcase> <!-- @AfterMethod getResult -->
  <testcase name="@AfterMethod getResult" time="-1.583484498675E9" classname="Master.EMS_Execution">
    <skipped/>
  </testcase> <!-- @AfterMethod getResult -->
  <testcase name="@AfterMethod getResult" time="-1.583484498684E9" classname="Master.EMS_Execution">
    <skipped/>
  </testcase> <!-- @AfterMethod getResult -->
  <testcase name="@AfterMethod getResult" time="-1.58348449869E9" classname="Master.EMS_Execution">
    <skipped/>
  </testcase> <!-- @AfterMethod getResult -->
  <testcase name="@AfterMethod getResult" time="-1.583484498711E9" classname="Master.EMS_Execution">
    <skipped/>
  </testcase> <!-- @AfterMethod getResult -->
  <testcase name="@AfterMethod getResult" time="-1.583484498726E9" classname="Master.EMS_Execution">
    <skipped/>
  </testcase> <!-- @AfterMethod getResult -->
  <testcase name="@AfterMethod getResult" time="-1.583484498743E9" classname="Master.EMS_Execution">
    <skipped/>
  </testcase> <!-- @AfterMethod getResult -->
  <testcase name="@AfterMethod getResult" time="-1.583484498764E9" classname="Master.EMS_Execution">
    <skipped/>
  </testcase> <!-- @AfterMethod getResult -->
  <testcase name="@AfterMethod getResult" time="-1.583484498772E9" classname="Master.EMS_Execution">
    <skipped/>
  </testcase> <!-- @AfterMethod getResult -->
  <testcase name="@AfterMethod getResult" time="-1.583484498776E9" classname="Master.EMS_Execution">
    <skipped/>
  </testcase> <!-- @AfterMethod getResult -->
  <testcase name="@AfterMethod getResult" time="-1.583484498791E9" classname="Master.EMS_Execution">
    <skipped/>
  </testcase> <!-- @AfterMethod getResult -->
  <testcase name="@AfterMethod getResult" time="-1.583484498847E9" classname="Master.EMS_Execution">
    <skipped/>
  </testcase> <!-- @AfterMethod getResult -->
  <testcase name="@AfterMethod getResult" time="-1.583484498854E9" classname="Master.EMS_Execution">
    <skipped/>
  </testcase> <!-- @AfterMethod getResult -->
  <testcase name="@AfterMethod getResult" time="-1.583484498862E9" classname="Master.EMS_Execution">
    <skipped/>
  </testcase> <!-- @AfterMethod getResult -->
  <testcase name="@AfterMethod getResult" time="-1.583484498868E9" classname="Master.EMS_Execution">
    <skipped/>
  </testcase> <!-- @AfterMethod getResult -->
  <testcase name="@AfterMethod getResult" time="-1.583484498876E9" classname="Master.EMS_Execution">
    <skipped/>
  </testcase> <!-- @AfterMethod getResult -->
  <testcase name="@AfterMethod getResult" time="-1.583484498883E9" classname="Master.EMS_Execution">
    <skipped/>
  </testcase> <!-- @AfterMethod getResult -->
  <testcase name="@AfterMethod getResult" time="-1.583484498891E9" classname="Master.EMS_Execution">
    <skipped/>
  </testcase> <!-- @AfterMethod getResult -->
  <testcase name="@AfterMethod getResult" time="-1.583484498901E9" classname="Master.EMS_Execution">
    <skipped/>
  </testcase> <!-- @AfterMethod getResult -->
  <testcase name="@AfterMethod getResult" time="-1.583484498943E9" classname="Master.EMS_Execution">
    <skipped/>
  </testcase> <!-- @AfterMethod getResult -->
  <testcase name="@AfterMethod getResult" time="-1.583484498957E9" classname="Master.EMS_Execution">
    <skipped/>
  </testcase> <!-- @AfterMethod getResult -->
  <testcase name="@AfterMethod getResult" time="-1.583484498975E9" classname="Master.EMS_Execution">
    <skipped/>
  </testcase> <!-- @AfterMethod getResult -->
  <testcase name="@AfterMethod getResult" time="-1.583484498982E9" classname="Master.EMS_Execution">
    <skipped/>
  </testcase> <!-- @AfterMethod getResult -->
  <testcase name="@AfterMethod getResult" time="-1.583484498986E9" classname="Master.EMS_Execution">
    <skipped/>
  </testcase> <!-- @AfterMethod getResult -->
  <testcase name="@AfterMethod getResult" time="-1.58348449899E9" classname="Master.EMS_Execution">
    <skipped/>
  </testcase> <!-- @AfterMethod getResult -->
  <testcase name="@AfterMethod getResult" time="-1.583484499E9" classname="Master.EMS_Execution">
    <skipped/>
  </testcase> <!-- @AfterMethod getResult -->
  <testcase name="@AfterMethod getResult" time="-1.583484499009E9" classname="Master.EMS_Execution">
    <skipped/>
  </testcase> <!-- @AfterMethod getResult -->
  <testcase name="@AfterMethod getResult" time="-1.583484499028E9" classname="Master.EMS_Execution">
    <skipped/>
  </testcase> <!-- @AfterMethod getResult -->
  <testcase name="@AfterMethod getResult" time="-1.583484499039E9" classname="Master.EMS_Execution">
    <skipped/>
  </testcase> <!-- @AfterMethod getResult -->
  <testcase name="@AfterMethod getResult" time="-1.583484499052E9" classname="Master.EMS_Execution">
    <skipped/>
  </testcase> <!-- @AfterMethod getResult -->
  <testcase name="@AfterMethod getResult" time="-1.583484499063E9" classname="Master.EMS_Execution">
    <skipped/>
  </testcase> <!-- @AfterMethod getResult -->
  <testcase name="@AfterMethod getResult" time="-1.583484499069E9" classname="Master.EMS_Execution">
    <skipped/>
  </testcase> <!-- @AfterMethod getResult -->
  <testcase name="@AfterMethod getResult" time="-1.583484499072E9" classname="Master.EMS_Execution">
    <skipped/>
  </testcase> <!-- @AfterMethod getResult -->
  <testcase name="@AfterMethod getResult" time="-1.58348449908E9" classname="Master.EMS_Execution">
    <skipped/>
  </testcase> <!-- @AfterMethod getResult -->
  <testcase name="@AfterMethod getResult" time="-1.583484499088E9" classname="Master.EMS_Execution">
    <skipped/>
  </testcase> <!-- @AfterMethod getResult -->
  <testcase name="@AfterMethod getResult" time="-1.583484499093E9" classname="Master.EMS_Execution">
    <skipped/>
  </testcase> <!-- @AfterMethod getResult -->
  <testcase name="@AfterMethod getResult" time="-1.583484499108E9" classname="Master.EMS_Execution">
    <skipped/>
  </testcase> <!-- @AfterMethod getResult -->
  <testcase name="@AfterMethod getResult" time="-1.583484499117E9" classname="Master.EMS_Execution">
    <skipped/>
  </testcase> <!-- @AfterMethod getResult -->
  <testcase name="@AfterMethod getResult" time="-1.583484499125E9" classname="Master.EMS_Execution">
    <skipped/>
  </testcase> <!-- @AfterMethod getResult -->
  <testcase name="@AfterMethod getResult" time="-1.58348449914E9" classname="Master.EMS_Execution">
    <skipped/>
  </testcase> <!-- @AfterMethod getResult -->
  <testcase name="@AfterTest teardown" time="-1.583484499145E9" classname="Master.EMS_Execution">
    <skipped/>
  </testcase> <!-- @AfterTest teardown -->
  <testcase name="EmailMarketingLists_VerificationInCRMContacts" time="0.0" classname="Master.EMS_Execution">
    <skipped/>
  </testcase> <!-- EmailMarketingLists_VerificationInCRMContacts -->
  <testcase name="LoginApp" time="0.0" classname="Master.EMS_Execution">
    <skipped/>
  </testcase> <!-- LoginApp -->
  <testcase name="CampaignInfo_Creation" time="0.0" classname="Master.EMS_Execution">
    <skipped/>
  </testcase> <!-- CampaignInfo_Creation -->
  <testcase name="ChooseandCreateTemplate" time="0.0" classname="Master.EMS_Execution">
    <skipped/>
  </testcase> <!-- ChooseandCreateTemplate -->
  <testcase name="LinkTOURLButton_PopUpMessageVerification" time="0.0" classname="Master.EMS_Execution">
    <skipped/>
  </testcase> <!-- LinkTOURLButton_PopUpMessageVerification -->
  <testcase name="ButtonText_Updation_VerificationDuringCampaign" time="0.0" classname="Master.EMS_Execution">
    <skipped/>
  </testcase> <!-- ButtonText_Updation_VerificationDuringCampaign -->
  <testcase name="ProductAlignementBelow" time="0.0" classname="Master.EMS_Execution">
    <skipped/>
  </testcase> <!-- ProductAlignementBelow -->
  <testcase name="ProductAlignementRight" time="0.0" classname="Master.EMS_Execution">
    <skipped/>
  </testcase> <!-- ProductAlignementRight -->
  <testcase name="ProductAlignementLeft" time="0.0" classname="Master.EMS_Execution">
    <skipped/>
  </testcase> <!-- ProductAlignementLeft -->
  <testcase name="ProductAlignementAbove" time="0.0" classname="Master.EMS_Execution">
    <skipped/>
  </testcase> <!-- ProductAlignementAbove -->
  <testcase name="Campaign_EditorCreation" time="0.0" classname="Master.EMS_Execution">
    <skipped/>
  </testcase> <!-- Campaign_EditorCreation -->
  <testcase name="RecipientListSelectionTextVerification" time="0.0" classname="Master.EMS_Execution">
    <skipped/>
  </testcase> <!-- RecipientListSelectionTextVerification -->
  <testcase name="List_CreationFromCampaign" time="0.0" classname="Master.EMS_Execution">
    <skipped/>
  </testcase> <!-- List_CreationFromCampaign -->
  <testcase name="Indivisual_ContactsUnderList_AddFromCampaign" time="0.0" classname="Master.EMS_Execution">
    <skipped/>
  </testcase> <!-- Indivisual_ContactsUnderList_AddFromCampaign -->
  <testcase name="CRMContacts_ContactsUnderList_AddFromCampaign" time="0.0" classname="Master.EMS_Execution">
    <skipped/>
  </testcase> <!-- CRMContacts_ContactsUnderList_AddFromCampaign -->
  <testcase name="MoveAndCopyContacts_ToList" time="0.0" classname="Master.EMS_Execution">
    <skipped/>
  </testcase> <!-- MoveAndCopyContacts_ToList -->
  <testcase name="CampaignLevelListPreview" time="0.0" classname="Master.EMS_Execution">
    <skipped/>
  </testcase> <!-- CampaignLevelListPreview -->
  <testcase name="CampaignPreview" time="0.0" classname="Master.EMS_Execution">
    <skipped/>
  </testcase> <!-- CampaignPreview -->
  <testcase name="SendTest_Email" time="0.0" classname="Master.EMS_Execution">
    <skipped/>
  </testcase> <!-- SendTest_Email -->
  <testcase name="CreateCampaign_1_To_5_StepVerification" time="0.0" classname="Master.EMS_Execution">
    <skipped/>
  </testcase> <!-- CreateCampaign_1_To_5_StepVerification -->
  <testcase name="CampaignEmail_SentVerification" time="0.0" classname="Master.EMS_Execution">
    <skipped/>
  </testcase> <!-- CampaignEmail_SentVerification -->
  <testcase name="CopyAndMoveContactsFromLists" time="0.0" classname="Master.EMS_Execution">
    <skipped/>
  </testcase> <!-- CopyAndMoveContactsFromLists -->
  <testcase name="DeleteContact" time="0.0" classname="Master.EMS_Execution">
    <skipped/>
  </testcase> <!-- DeleteContact -->
  <testcase name="List_CreationFromListPage" time="0.0" classname="Master.EMS_Execution">
    <skipped/>
  </testcase> <!-- List_CreationFromListPage -->
  <testcase name="Indivisual_ContactsUnderList_AddFromListPage" time="0.0" classname="Master.EMS_Execution">
    <skipped/>
  </testcase> <!-- Indivisual_ContactsUnderList_AddFromListPage -->
  <testcase name="CRMContacts_ContactsUnderList_AddFromListPage" time="0.0" classname="Master.EMS_Execution">
    <skipped/>
  </testcase> <!-- CRMContacts_ContactsUnderList_AddFromListPage -->
  <testcase name="CopyListListManagementPage" time="0.0" classname="Master.EMS_Execution">
    <skipped/>
  </testcase> <!-- CopyListListManagementPage -->
  <testcase name="AddNewIndivisualContactListManagementPage" time="0.0" classname="Master.EMS_Execution">
    <skipped/>
  </testcase> <!-- AddNewIndivisualContactListManagementPage -->
  <testcase name="DeleteListListManagementPage" time="0.0" classname="Master.EMS_Execution">
    <skipped/>
  </testcase> <!-- DeleteListListManagementPage -->
  <testcase name="BulkDeleteListListManagementPage" time="0.0" classname="Master.EMS_Execution">
    <skipped/>
  </testcase> <!-- BulkDeleteListListManagementPage -->
  <testcase name="DynamicListContacts_PreviewVerification" time="0.0" classname="Master.EMS_Execution">
    <skipped/>
  </testcase> <!-- DynamicListContacts_PreviewVerification -->
  <testcase name="DynamicList_CreationWithVerification" time="0.0" classname="Master.EMS_Execution">
    <skipped/>
  </testcase> <!-- DynamicList_CreationWithVerification -->
  <testcase name="Import_Contacts" time="0.0" classname="Master.EMS_Execution">
    <skipped/>
  </testcase> <!-- Import_Contacts -->
  <testcase name="ExportAll_Report_ForDistributor" time="0.0" classname="Master.EMS_Execution">
    <skipped/>
  </testcase> <!-- ExportAll_Report_ForDistributor -->
  <testcase name="Campaign_Summary_ReportDownload" time="0.0" classname="Master.EMS_Execution">
    <skipped/>
  </testcase> <!-- Campaign_Summary_ReportDownload -->
  <testcase name="Campaign_Detail_ReportDownload" time="0.0" classname="Master.EMS_Execution">
    <skipped/>
  </testcase> <!-- Campaign_Detail_ReportDownload -->
  <testcase name="Unsubscribers_Report_fileDownload" time="0.0" classname="Master.EMS_Execution">
    <skipped/>
  </testcase> <!-- Unsubscribers_Report_fileDownload -->
  <testcase name="RecentSentCampaignCopy" time="0.0" classname="Master.EMS_Execution">
    <skipped/>
  </testcase> <!-- RecentSentCampaignCopy -->
  <testcase name="UpdateSubjectNameSendStep" time="0.0" classname="Master.EMS_Execution">
    <skipped/>
  </testcase> <!-- UpdateSubjectNameSendStep -->
  <testcase name="UpdateFromNameSendStep" time="0.0" classname="Master.EMS_Execution">
    <skipped/>
  </testcase> <!-- UpdateFromNameSendStep -->
  <testcase name="UpdateReplyToEmailSendStep" time="0.0" classname="Master.EMS_Execution">
    <skipped/>
  </testcase> <!-- UpdateReplyToEmailSendStep -->
  <testcase name="Campaign_Saved_ToRecentDrafts" time="0.0" classname="Master.EMS_Execution">
    <skipped/>
  </testcase> <!-- Campaign_Saved_ToRecentDrafts -->
  <testcase name="RecentDraftCampaignCopy" time="0.0" classname="Master.EMS_Execution">
    <skipped/>
  </testcase> <!-- RecentDraftCampaignCopy -->
  <testcase name="Campaign_Saved_To_RecentDraftsFromRecentDrafts" time="0.0" classname="Master.EMS_Execution">
    <skipped/>
  </testcase> <!-- Campaign_Saved_To_RecentDraftsFromRecentDrafts -->
  <testcase name="RecentDraftCampaignDelete" time="0.0" classname="Master.EMS_Execution">
    <skipped/>
  </testcase> <!-- RecentDraftCampaignDelete -->
  <testcase name="BlankTemplateCreation_FromTemplatePage" time="0.0" classname="Master.EMS_Execution">
    <skipped/>
  </testcase> <!-- BlankTemplateCreation_FromTemplatePage -->
  <testcase name="ButtonText_Updation_VerificationTemplatesPage" time="0.0" classname="Master.EMS_Execution">
    <skipped/>
  </testcase> <!-- ButtonText_Updation_VerificationTemplatesPage -->
  <testcase name="TemplatePreview" time="0.0" classname="Master.EMS_Execution">
    <skipped/>
  </testcase> <!-- TemplatePreview -->
  <testcase name="NewTemplate_WithConfigurationCreation" time="0.0" classname="Master.EMS_Execution">
    <skipped/>
  </testcase> <!-- NewTemplate_WithConfigurationCreation -->
  <testcase name="TemplatePreviewFromTemplateListing" time="0.0" classname="Master.EMS_Execution">
    <skipped/>
  </testcase> <!-- TemplatePreviewFromTemplateListing -->
  <testcase name="TemplatesPublish" time="0.0" classname="Master.EMS_Execution">
    <skipped/>
  </testcase> <!-- TemplatesPublish -->
  <testcase name="TemplatesUnPublish" time="0.0" classname="Master.EMS_Execution">
    <skipped/>
  </testcase> <!-- TemplatesUnPublish -->
  <testcase name="Delete_Template" time="0.0" classname="Master.EMS_Execution">
    <skipped/>
  </testcase> <!-- Delete_Template -->
  <testcase name="Settings_AlertMessageVerificationChangesUnsaved" time="0.0" classname="Master.EMS_Execution">
    <skipped/>
  </testcase> <!-- Settings_AlertMessageVerificationChangesUnsaved -->
  <testcase name="FromNameField_SettingsUpdated_CampaignVerification" time="0.0" classname="Master.EMS_Execution">
    <skipped/>
  </testcase> <!-- FromNameField_SettingsUpdated_CampaignVerification -->
  <testcase name="Campaign_InfoCreation" time="0.0" classname="Master.EMS_Execution">
    <skipped/>
  </testcase> <!-- Campaign_InfoCreation -->
  <testcase name="Blank_TemplateCreation" time="0.0" classname="Master.EMS_Execution">
    <skipped/>
  </testcase> <!-- Blank_TemplateCreation -->
  <testcase name="Settings_CompanyAddressVerification" time="0.0" classname="Master.EMS_Execution">
    <skipped/>
  </testcase> <!-- Settings_CompanyAddressVerification -->
  <testcase name="ScheduledCampaignCancel" time="0.0" classname="Master.EMS_Execution">
    <skipped/>
  </testcase> <!-- ScheduledCampaignCancel -->
  <testcase name="ScheduledCampaign" time="0.0" classname="Master.EMS_Execution">
    <skipped/>
  </testcase> <!-- ScheduledCampaign -->
</testsuite> <!-- EMS -->
